<?xml version="1.0" encoding="UTF-8"?>
<!-- Generated by org.testng.reporters.JUnitReportReporter -->
<testsuite hostname="Vij" failures="0" tests="1" name="com.CRM.TestCase.LoginPageTestCase" time="1.639" errors="0" timestamp="2025-07-05T15:17:24 IST" skipped="0">
  <testcase classname="com.CRM.TestCase.LoginPageTestCase" name="validateLogin" time="1.639"/>
</testsuite> <!-- com.CRM.TestCase.LoginPageTestCase -->
