<?xml version="1.0" encoding="UTF-8"?>
<!-- Generated by org.testng.reporters.JUnitReportReporter -->
<testsuite hostname="Vij" failures="0" tests="3" name="com.DevopsAssignment.AmazonTest" time="43.244" errors="0" timestamp="2025-07-09T00:32:44 IST" skipped="0">
  <testcase classname="com.DevopsAssignment.AmazonTest" name="testAmazonFooterLinks" time="13.438"/>
  <testcase classname="com.DevopsAssignment.AmazonTest" name="testAmazonFooterLinks" time="15.328"/>
  <testcase classname="com.DevopsAssignment.AmazonTest" name="testAmazonFooterLinks" time="14.478"/>
</testsuite> <!-- com.DevopsAssignment.AmazonTest -->
