<?xml version="1.0" encoding="UTF-8"?>
<!-- Generated by org.testng.reporters.JUnitReportReporter -->
<testsuite hostname="Vij" failures="0" tests="3" name="com.DevopsAssignment.AmazonTest" time="23.313" errors="0" timestamp="2025-07-08T21:15:36 IST" skipped="0">
  <testcase classname="com.DevopsAssignment.AmazonTest" name="crossBrowserTesting" time="7.015"/>
  <testcase classname="com.DevopsAssignment.AmazonTest" name="crossBrowserTesting" time="7.467"/>
  <testcase classname="com.DevopsAssignment.AmazonTest" name="crossBrowserTesting" time="8.831"/>
</testsuite> <!-- com.DevopsAssignment.AmazonTest -->
