<?xml version="1.0" encoding="UTF-8"?>
<!-- Generated by org.testng.reporters.JUnitReportReporter -->
<testsuite hostname="Vij" failures="0" tests="1" name="com.CRM.TestCase.LoginPageTestCase" time="0.935" errors="0" timestamp="2025-07-08T17:39:32 IST" skipped="0">
  <testcase classname="com.CRM.TestCase.LoginPageTestCase" name="validateLogin" time="0.935"/>
</testsuite> <!-- com.CRM.TestCase.LoginPageTestCase -->
