<?xml version="1.0" encoding="UTF-8"?>
<!-- Generated by org.testng.reporters.JUnitReportReporter -->
<testsuite hostname="Vij" failures="0" tests="3" name="com.CRM.TestCase.HomePageTestCase" time="1.115" errors="0" timestamp="2025-07-08T17:39:32 IST" skipped="0">
  <testcase classname="com.CRM.TestCase.HomePageTestCase" name="verifyUrl" time="0.017"/>
  <testcase classname="com.CRM.TestCase.HomePageTestCase" name="verifyTitle" time="0.015"/>
  <testcase classname="com.CRM.TestCase.HomePageTestCase" name="validateSIgnInLink" time="1.083"/>
</testsuite> <!-- com.CRM.TestCase.HomePageTestCase -->
